<?xml version="1.0" encoding="UTF-8"?>
<!-- Generated by org.testng.reporters.JUnitReportReporter -->
<testsuite hostname="DESKTOP-UHFDCLI" name="myTest" tests="1" failures="0" timestamp="2 Mar 2018 14:13:38 GMT" time="0.010" errors="0">
  <testcase name="testCase" time="0.010" classname="myTest"/>
</testsuite> <!-- myTest -->
